<?xml version="1.0" encoding="UTF-8"?>
<!-- Generated by org.testng.reporters.JUnitReportReporter -->
<testsuite hostname="DESKTOP-K6V51G0" failures="0" tests="1" name="com.todos.tests.AddTodoTests" time="3.687" errors="0" timestamp="2023-05-20T17:41:02 CEST" skipped="0">
  <testcase classname="com.todos.tests.AddTodoTests" name="iCanAddTodo" time="3.687"/>
  <system-out/>
</testsuite> <!-- com.todos.tests.AddTodoTests -->
